Determining if the pthread_create exist failed with the following output:
Change Dir: /home/xlwolf/ethminer/modified/220718/ethminer/cmake/CMakeFiles/CMakeTmp

Run Build Command:"/usr/bin/make" "cmTC_18ab8/fast"
/usr/bin/make -f CMakeFiles/cmTC_18ab8.dir/build.make CMakeFiles/cmTC_18ab8.dir/build
make[1]: Entering directory '/home/xlwolf/ethminer/modified/220718/ethminer/cmake/CMakeFiles/CMakeTmp'
Building C object CMakeFiles/cmTC_18ab8.dir/CheckSymbolExists.c.o
/usr/bin/cc     -o CMakeFiles/cmTC_18ab8.dir/CheckSymbolExists.c.o   -c /home/xlwolf/ethminer/modified/220718/ethminer/cmake/CMakeFiles/CMakeTmp/CheckSymbolExists.c
Linking C executable cmTC_18ab8
/usr/bin/cmake -E cmake_link_script CMakeFiles/cmTC_18ab8.dir/link.txt --verbose=1
/usr/bin/cc       CMakeFiles/cmTC_18ab8.dir/CheckSymbolExists.c.o  -o cmTC_18ab8 
CMakeFiles/cmTC_18ab8.dir/CheckSymbolExists.c.o: In function `main':
CheckSymbolExists.c:(.text+0x16): undefined reference to `pthread_create'
collect2: error: ld returned 1 exit status
CMakeFiles/cmTC_18ab8.dir/build.make:97: recipe for target 'cmTC_18ab8' failed
make[1]: *** [cmTC_18ab8] Error 1
make[1]: Leaving directory '/home/xlwolf/ethminer/modified/220718/ethminer/cmake/CMakeFiles/CMakeTmp'
Makefile:126: recipe for target 'cmTC_18ab8/fast' failed
make: *** [cmTC_18ab8/fast] Error 2

File /home/xlwolf/ethminer/modified/220718/ethminer/cmake/CMakeFiles/CMakeTmp/CheckSymbolExists.c:
/* */
#include <pthread.h>

int main(int argc, char** argv)
{
  (void)argv;
#ifndef pthread_create
  return ((int*)(&pthread_create))[argc];
#else
  (void)argc;
  return 0;
#endif
}

Determining if the function pthread_create exists in the pthreads failed with the following output:
Change Dir: /home/xlwolf/ethminer/modified/220718/ethminer/cmake/CMakeFiles/CMakeTmp

Run Build Command:"/usr/bin/make" "cmTC_61982/fast"
/usr/bin/make -f CMakeFiles/cmTC_61982.dir/build.make CMakeFiles/cmTC_61982.dir/build
make[1]: Entering directory '/home/xlwolf/ethminer/modified/220718/ethminer/cmake/CMakeFiles/CMakeTmp'
Building C object CMakeFiles/cmTC_61982.dir/CheckFunctionExists.c.o
/usr/bin/cc    -DCHECK_FUNCTION_EXISTS=pthread_create   -o CMakeFiles/cmTC_61982.dir/CheckFunctionExists.c.o   -c /usr/share/cmake-3.5/Modules/CheckFunctionExists.c
Linking C executable cmTC_61982
/usr/bin/cmake -E cmake_link_script CMakeFiles/cmTC_61982.dir/link.txt --verbose=1
/usr/bin/cc   -DCHECK_FUNCTION_EXISTS=pthread_create    CMakeFiles/cmTC_61982.dir/CheckFunctionExists.c.o  -o cmTC_61982 -lpthreads 
/usr/bin/ld: cannot find -lpthreads
collect2: error: ld returned 1 exit status
CMakeFiles/cmTC_61982.dir/build.make:97: recipe for target 'cmTC_61982' failed
make[1]: *** [cmTC_61982] Error 1
make[1]: Leaving directory '/home/xlwolf/ethminer/modified/220718/ethminer/cmake/CMakeFiles/CMakeTmp'
Makefile:126: recipe for target 'cmTC_61982/fast' failed
make: *** [cmTC_61982/fast] Error 2


Determining if the pthread_create exist failed with the following output:
Change Dir: /home/xlwolf/ethminer/modified/220718/ethminer/cmake/CMakeFiles/CMakeTmp

Run Build Command:"/usr/bin/make" "cmTC_31190/fast"
/usr/bin/make -f CMakeFiles/cmTC_31190.dir/build.make CMakeFiles/cmTC_31190.dir/build
make[1]: Entering directory '/home/xlwolf/ethminer/modified/220718/ethminer/cmake/CMakeFiles/CMakeTmp'
Building C object CMakeFiles/cmTC_31190.dir/CheckSymbolExists.c.o
/usr/bin/cc     -o CMakeFiles/cmTC_31190.dir/CheckSymbolExists.c.o   -c /home/xlwolf/ethminer/modified/220718/ethminer/cmake/CMakeFiles/CMakeTmp/CheckSymbolExists.c
Linking C executable cmTC_31190
/usr/bin/cmake -E cmake_link_script CMakeFiles/cmTC_31190.dir/link.txt --verbose=1
/usr/bin/cc       CMakeFiles/cmTC_31190.dir/CheckSymbolExists.c.o  -o cmTC_31190 
CMakeFiles/cmTC_31190.dir/CheckSymbolExists.c.o: In function `main':
CheckSymbolExists.c:(.text+0x16): undefined reference to `pthread_create'
collect2: error: ld returned 1 exit status
CMakeFiles/cmTC_31190.dir/build.make:97: recipe for target 'cmTC_31190' failed
make[1]: *** [cmTC_31190] Error 1
make[1]: Leaving directory '/home/xlwolf/ethminer/modified/220718/ethminer/cmake/CMakeFiles/CMakeTmp'
Makefile:126: recipe for target 'cmTC_31190/fast' failed
make: *** [cmTC_31190/fast] Error 2

File /home/xlwolf/ethminer/modified/220718/ethminer/cmake/CMakeFiles/CMakeTmp/CheckSymbolExists.c:
/* */
#include <pthread.h>

int main(int argc, char** argv)
{
  (void)argv;
#ifndef pthread_create
  return ((int*)(&pthread_create))[argc];
#else
  (void)argc;
  return 0;
#endif
}

Determining if the function pthread_create exists in the pthreads failed with the following output:
Change Dir: /home/xlwolf/ethminer/modified/220718/ethminer/cmake/CMakeFiles/CMakeTmp

Run Build Command:"/usr/bin/make" "cmTC_17620/fast"
/usr/bin/make -f CMakeFiles/cmTC_17620.dir/build.make CMakeFiles/cmTC_17620.dir/build
make[1]: Entering directory '/home/xlwolf/ethminer/modified/220718/ethminer/cmake/CMakeFiles/CMakeTmp'
Building C object CMakeFiles/cmTC_17620.dir/CheckFunctionExists.c.o
/usr/bin/cc    -DCHECK_FUNCTION_EXISTS=pthread_create   -o CMakeFiles/cmTC_17620.dir/CheckFunctionExists.c.o   -c /usr/share/cmake-3.5/Modules/CheckFunctionExists.c
Linking C executable cmTC_17620
/usr/bin/cmake -E cmake_link_script CMakeFiles/cmTC_17620.dir/link.txt --verbose=1
/usr/bin/cc   -DCHECK_FUNCTION_EXISTS=pthread_create    CMakeFiles/cmTC_17620.dir/CheckFunctionExists.c.o  -o cmTC_17620 -lpthreads 
/usr/bin/ld: cannot find -lpthreads
collect2: error: ld returned 1 exit status
CMakeFiles/cmTC_17620.dir/build.make:97: recipe for target 'cmTC_17620' failed
make[1]: *** [cmTC_17620] Error 1
make[1]: Leaving directory '/home/xlwolf/ethminer/modified/220718/ethminer/cmake/CMakeFiles/CMakeTmp'
Makefile:126: recipe for target 'cmTC_17620/fast' failed
make: *** [cmTC_17620/fast] Error 2


