The system is: Linux - 4.10.0-28-generic - x86_64
Compiling the C compiler identification source file "CMakeCCompilerId.c" succeeded.
Compiler: /usr/bin/cc 
Build flags: 
Id flags: 

The output was:
0


Compilation of the C compiler identification source "CMakeCCompilerId.c" produced "a.out"

The C compiler identification is GNU, found in "/home/xlwolf/ethminer/modified/220718/ethminer/cmake/CMakeFiles/3.5.1/CompilerIdC/a.out"

Compiling the CXX compiler identification source file "CMakeCXXCompilerId.cpp" succeeded.
Compiler: /usr/bin/c++ 
Build flags: 
Id flags: 

The output was:
0


Compilation of the CXX compiler identification source "CMakeCXXCompilerId.cpp" produced "a.out"

The CXX compiler identification is GNU, found in "/home/xlwolf/ethminer/modified/220718/ethminer/cmake/CMakeFiles/3.5.1/CompilerIdCXX/a.out"

Determining if the C compiler works passed with the following output:
Change Dir: /home/xlwolf/ethminer/modified/220718/ethminer/cmake/CMakeFiles/CMakeTmp

Run Build Command:"/usr/bin/make" "cmTC_3c989/fast"
/usr/bin/make -f CMakeFiles/cmTC_3c989.dir/build.make CMakeFiles/cmTC_3c989.dir/build
make[1]: Entering directory '/home/xlwolf/ethminer/modified/220718/ethminer/cmake/CMakeFiles/CMakeTmp'
Building C object CMakeFiles/cmTC_3c989.dir/testCCompiler.c.o
/usr/bin/cc     -o CMakeFiles/cmTC_3c989.dir/testCCompiler.c.o   -c /home/xlwolf/ethminer/modified/220718/ethminer/cmake/CMakeFiles/CMakeTmp/testCCompiler.c
Linking C executable cmTC_3c989
/usr/bin/cmake -E cmake_link_script CMakeFiles/cmTC_3c989.dir/link.txt --verbose=1
/usr/bin/cc       CMakeFiles/cmTC_3c989.dir/testCCompiler.c.o  -o cmTC_3c989 
make[1]: Leaving directory '/home/xlwolf/ethminer/modified/220718/ethminer/cmake/CMakeFiles/CMakeTmp'


Detecting C compiler ABI info compiled with the following output:
Change Dir: /home/xlwolf/ethminer/modified/220718/ethminer/cmake/CMakeFiles/CMakeTmp

Run Build Command:"/usr/bin/make" "cmTC_ad563/fast"
/usr/bin/make -f CMakeFiles/cmTC_ad563.dir/build.make CMakeFiles/cmTC_ad563.dir/build
make[1]: Entering directory '/home/xlwolf/ethminer/modified/220718/ethminer/cmake/CMakeFiles/CMakeTmp'
Building C object CMakeFiles/cmTC_ad563.dir/CMakeCCompilerABI.c.o
/usr/bin/cc     -o CMakeFiles/cmTC_ad563.dir/CMakeCCompilerABI.c.o   -c /usr/share/cmake-3.5/Modules/CMakeCCompilerABI.c
Linking C executable cmTC_ad563
/usr/bin/cmake -E cmake_link_script CMakeFiles/cmTC_ad563.dir/link.txt --verbose=1
/usr/bin/cc      -v CMakeFiles/cmTC_ad563.dir/CMakeCCompilerABI.c.o  -o cmTC_ad563  
Using built-in specs.
COLLECT_GCC=/usr/bin/cc
COLLECT_LTO_WRAPPER=/usr/lib/gcc/x86_64-linux-gnu/5/lto-wrapper
Target: x86_64-linux-gnu
Configured with: ../src/configure -v --with-pkgversion='Ubuntu 5.4.0-6ubuntu1~16.04.10' --with-bugurl=file:///usr/share/doc/gcc-5/README.Bugs --enable-languages=c,ada,c++,java,go,d,fortran,objc,obj-c++ --prefix=/usr --program-suffix=-5 --enable-shared --enable-linker-build-id --libexecdir=/usr/lib --without-included-gettext --enable-threads=posix --libdir=/usr/lib --enable-nls --with-sysroot=/ --enable-clocale=gnu --enable-libstdcxx-debug --enable-libstdcxx-time=yes --with-default-libstdcxx-abi=new --enable-gnu-unique-object --disable-vtable-verify --enable-libmpx --enable-plugin --with-system-zlib --disable-browser-plugin --enable-java-awt=gtk --enable-gtk-cairo --with-java-home=/usr/lib/jvm/java-1.5.0-gcj-5-amd64/jre --enable-java-home --with-jvm-root-dir=/usr/lib/jvm/java-1.5.0-gcj-5-amd64 --with-jvm-jar-dir=/usr/lib/jvm-exports/java-1.5.0-gcj-5-amd64 --with-arch-directory=amd64 --with-ecj-jar=/usr/share/java/eclipse-ecj.jar --enable-objc-gc --enable-multiarch --disable-werror --with-arch-32=i686 --with-abi=m64 --with-multilib-list=m32,m64,mx32 --enable-multilib --with-tune=generic --enable-checking=release --build=x86_64-linux-gnu --host=x86_64-linux-gnu --target=x86_64-linux-gnu
Thread model: posix
gcc version 5.4.0 20160609 (Ubuntu 5.4.0-6ubuntu1~16.04.10) 
COMPILER_PATH=/usr/lib/gcc/x86_64-linux-gnu/5/:/usr/lib/gcc/x86_64-linux-gnu/5/:/usr/lib/gcc/x86_64-linux-gnu/:/usr/lib/gcc/x86_64-linux-gnu/5/:/usr/lib/gcc/x86_64-linux-gnu/
LIBRARY_PATH=/usr/lib/gcc/x86_64-linux-gnu/5/:/usr/lib/gcc/x86_64-linux-gnu/5/../../../x86_64-linux-gnu/:/usr/lib/gcc/x86_64-linux-gnu/5/../../../../lib/:/lib/x86_64-linux-gnu/:/lib/../lib/:/usr/lib/x86_64-linux-gnu/:/usr/lib/../lib/:/usr/lib/gcc/x86_64-linux-gnu/5/../../../:/lib/:/usr/lib/
COLLECT_GCC_OPTIONS='-v' '-o' 'cmTC_ad563' '-mtune=generic' '-march=x86-64'
 /usr/lib/gcc/x86_64-linux-gnu/5/collect2 -plugin /usr/lib/gcc/x86_64-linux-gnu/5/liblto_plugin.so -plugin-opt=/usr/lib/gcc/x86_64-linux-gnu/5/lto-wrapper -plugin-opt=-fresolution=/tmp/ccGNZMMK.res -plugin-opt=-pass-through=-lgcc -plugin-opt=-pass-through=-lgcc_s -plugin-opt=-pass-through=-lc -plugin-opt=-pass-through=-lgcc -plugin-opt=-pass-through=-lgcc_s --sysroot=/ --build-id --eh-frame-hdr -m elf_x86_64 --hash-style=gnu --as-needed -dynamic-linker /lib64/ld-linux-x86-64.so.2 -z relro -o cmTC_ad563 /usr/lib/gcc/x86_64-linux-gnu/5/../../../x86_64-linux-gnu/crt1.o /usr/lib/gcc/x86_64-linux-gnu/5/../../../x86_64-linux-gnu/crti.o /usr/lib/gcc/x86_64-linux-gnu/5/crtbegin.o -L/usr/lib/gcc/x86_64-linux-gnu/5 -L/usr/lib/gcc/x86_64-linux-gnu/5/../../../x86_64-linux-gnu -L/usr/lib/gcc/x86_64-linux-gnu/5/../../../../lib -L/lib/x86_64-linux-gnu -L/lib/../lib -L/usr/lib/x86_64-linux-gnu -L/usr/lib/../lib -L/usr/lib/gcc/x86_64-linux-gnu/5/../../.. CMakeFiles/cmTC_ad563.dir/CMakeCCompilerABI.c.o -lgcc --as-needed -lgcc_s --no-as-needed -lc -lgcc --as-needed -lgcc_s --no-as-needed /usr/lib/gcc/x86_64-linux-gnu/5/crtend.o /usr/lib/gcc/x86_64-linux-gnu/5/../../../x86_64-linux-gnu/crtn.o
make[1]: Leaving directory '/home/xlwolf/ethminer/modified/220718/ethminer/cmake/CMakeFiles/CMakeTmp'


Parsed C implicit link information from above output:
  link line regex: [^( *|.*[/\])(ld|([^/\]+-)?ld|collect2)[^/\]*( |$)]
  ignore line: [Change Dir: /home/xlwolf/ethminer/modified/220718/ethminer/cmake/CMakeFiles/CMakeTmp]
  ignore line: []
  ignore line: [Run Build Command:"/usr/bin/make" "cmTC_ad563/fast"]
  ignore line: [/usr/bin/make -f CMakeFiles/cmTC_ad563.dir/build.make CMakeFiles/cmTC_ad563.dir/build]
  ignore line: [make[1]: Entering directory '/home/xlwolf/ethminer/modified/220718/ethminer/cmake/CMakeFiles/CMakeTmp']
  ignore line: [Building C object CMakeFiles/cmTC_ad563.dir/CMakeCCompilerABI.c.o]
  ignore line: [/usr/bin/cc     -o CMakeFiles/cmTC_ad563.dir/CMakeCCompilerABI.c.o   -c /usr/share/cmake-3.5/Modules/CMakeCCompilerABI.c]
  ignore line: [Linking C executable cmTC_ad563]
  ignore line: [/usr/bin/cmake -E cmake_link_script CMakeFiles/cmTC_ad563.dir/link.txt --verbose=1]
  ignore line: [/usr/bin/cc      -v CMakeFiles/cmTC_ad563.dir/CMakeCCompilerABI.c.o  -o cmTC_ad563  ]
  ignore line: [Using built-in specs.]
  ignore line: [COLLECT_GCC=/usr/bin/cc]
  ignore line: [COLLECT_LTO_WRAPPER=/usr/lib/gcc/x86_64-linux-gnu/5/lto-wrapper]
  ignore line: [Target: x86_64-linux-gnu]
  ignore line: [Configured with: ../src/configure -v --with-pkgversion='Ubuntu 5.4.0-6ubuntu1~16.04.10' --with-bugurl=file:///usr/share/doc/gcc-5/README.Bugs --enable-languages=c,ada,c++,java,go,d,fortran,objc,obj-c++ --prefix=/usr --program-suffix=-5 --enable-shared --enable-linker-build-id --libexecdir=/usr/lib --without-included-gettext --enable-threads=posix --libdir=/usr/lib --enable-nls --with-sysroot=/ --enable-clocale=gnu --enable-libstdcxx-debug --enable-libstdcxx-time=yes --with-default-libstdcxx-abi=new --enable-gnu-unique-object --disable-vtable-verify --enable-libmpx --enable-plugin --with-system-zlib --disable-browser-plugin --enable-java-awt=gtk --enable-gtk-cairo --with-java-home=/usr/lib/jvm/java-1.5.0-gcj-5-amd64/jre --enable-java-home --with-jvm-root-dir=/usr/lib/jvm/java-1.5.0-gcj-5-amd64 --with-jvm-jar-dir=/usr/lib/jvm-exports/java-1.5.0-gcj-5-amd64 --with-arch-directory=amd64 --with-ecj-jar=/usr/share/java/eclipse-ecj.jar --enable-objc-gc --enable-multiarch --disable-werror --with-arch-32=i686 --with-abi=m64 --with-multilib-list=m32,m64,mx32 --enable-multilib --with-tune=generic --enable-checking=release --build=x86_64-linux-gnu --host=x86_64-linux-gnu --target=x86_64-linux-gnu]
  ignore line: [Thread model: posix]
  ignore line: [gcc version 5.4.0 20160609 (Ubuntu 5.4.0-6ubuntu1~16.04.10) ]
  ignore line: [COMPILER_PATH=/usr/lib/gcc/x86_64-linux-gnu/5/:/usr/lib/gcc/x86_64-linux-gnu/5/:/usr/lib/gcc/x86_64-linux-gnu/:/usr/lib/gcc/x86_64-linux-gnu/5/:/usr/lib/gcc/x86_64-linux-gnu/]
  ignore line: [LIBRARY_PATH=/usr/lib/gcc/x86_64-linux-gnu/5/:/usr/lib/gcc/x86_64-linux-gnu/5/../../../x86_64-linux-gnu/:/usr/lib/gcc/x86_64-linux-gnu/5/../../../../lib/:/lib/x86_64-linux-gnu/:/lib/../lib/:/usr/lib/x86_64-linux-gnu/:/usr/lib/../lib/:/usr/lib/gcc/x86_64-linux-gnu/5/../../../:/lib/:/usr/lib/]
  ignore line: [COLLECT_GCC_OPTIONS='-v' '-o' 'cmTC_ad563' '-mtune=generic' '-march=x86-64']
  link line: [ /usr/lib/gcc/x86_64-linux-gnu/5/collect2 -plugin /usr/lib/gcc/x86_64-linux-gnu/5/liblto_plugin.so -plugin-opt=/usr/lib/gcc/x86_64-linux-gnu/5/lto-wrapper -plugin-opt=-fresolution=/tmp/ccGNZMMK.res -plugin-opt=-pass-through=-lgcc -plugin-opt=-pass-through=-lgcc_s -plugin-opt=-pass-through=-lc -plugin-opt=-pass-through=-lgcc -plugin-opt=-pass-through=-lgcc_s --sysroot=/ --build-id --eh-frame-hdr -m elf_x86_64 --hash-style=gnu --as-needed -dynamic-linker /lib64/ld-linux-x86-64.so.2 -z relro -o cmTC_ad563 /usr/lib/gcc/x86_64-linux-gnu/5/../../../x86_64-linux-gnu/crt1.o /usr/lib/gcc/x86_64-linux-gnu/5/../../../x86_64-linux-gnu/crti.o /usr/lib/gcc/x86_64-linux-gnu/5/crtbegin.o -L/usr/lib/gcc/x86_64-linux-gnu/5 -L/usr/lib/gcc/x86_64-linux-gnu/5/../../../x86_64-linux-gnu -L/usr/lib/gcc/x86_64-linux-gnu/5/../../../../lib -L/lib/x86_64-linux-gnu -L/lib/../lib -L/usr/lib/x86_64-linux-gnu -L/usr/lib/../lib -L/usr/lib/gcc/x86_64-linux-gnu/5/../../.. CMakeFiles/cmTC_ad563.dir/CMakeCCompilerABI.c.o -lgcc --as-needed -lgcc_s --no-as-needed -lc -lgcc --as-needed -lgcc_s --no-as-needed /usr/lib/gcc/x86_64-linux-gnu/5/crtend.o /usr/lib/gcc/x86_64-linux-gnu/5/../../../x86_64-linux-gnu/crtn.o]
    arg [/usr/lib/gcc/x86_64-linux-gnu/5/collect2] ==> ignore
    arg [-plugin] ==> ignore
    arg [/usr/lib/gcc/x86_64-linux-gnu/5/liblto_plugin.so] ==> ignore
    arg [-plugin-opt=/usr/lib/gcc/x86_64-linux-gnu/5/lto-wrapper] ==> ignore
    arg [-plugin-opt=-fresolution=/tmp/ccGNZMMK.res] ==> ignore
    arg [-plugin-opt=-pass-through=-lgcc] ==> ignore
    arg [-plugin-opt=-pass-through=-lgcc_s] ==> ignore
    arg [-plugin-opt=-pass-through=-lc] ==> ignore
    arg [-plugin-opt=-pass-through=-lgcc] ==> ignore
    arg [-plugin-opt=-pass-through=-lgcc_s] ==> ignore
    arg [--sysroot=/] ==> ignore
    arg [--build-id] ==> ignore
    arg [--eh-frame-hdr] ==> ignore
    arg [-m] ==> ignore
    arg [elf_x86_64] ==> ignore
    arg [--hash-style=gnu] ==> ignore
    arg [--as-needed] ==> ignore
    arg [-dynamic-linker] ==> ignore
    arg [/lib64/ld-linux-x86-64.so.2] ==> ignore
    arg [-zrelro] ==> ignore
    arg [-o] ==> ignore
    arg [cmTC_ad563] ==> ignore
    arg [/usr/lib/gcc/x86_64-linux-gnu/5/../../../x86_64-linux-gnu/crt1.o] ==> ignore
    arg [/usr/lib/gcc/x86_64-linux-gnu/5/../../../x86_64-linux-gnu/crti.o] ==> ignore
    arg [/usr/lib/gcc/x86_64-linux-gnu/5/crtbegin.o] ==> ignore
    arg [-L/usr/lib/gcc/x86_64-linux-gnu/5] ==> dir [/usr/lib/gcc/x86_64-linux-gnu/5]
    arg [-L/usr/lib/gcc/x86_64-linux-gnu/5/../../../x86_64-linux-gnu] ==> dir [/usr/lib/gcc/x86_64-linux-gnu/5/../../../x86_64-linux-gnu]
    arg [-L/usr/lib/gcc/x86_64-linux-gnu/5/../../../../lib] ==> dir [/usr/lib/gcc/x86_64-linux-gnu/5/../../../../lib]
    arg [-L/lib/x86_64-linux-gnu] ==> dir [/lib/x86_64-linux-gnu]
    arg [-L/lib/../lib] ==> dir [/lib/../lib]
    arg [-L/usr/lib/x86_64-linux-gnu] ==> dir [/usr/lib/x86_64-linux-gnu]
    arg [-L/usr/lib/../lib] ==> dir [/usr/lib/../lib]
    arg [-L/usr/lib/gcc/x86_64-linux-gnu/5/../../..] ==> dir [/usr/lib/gcc/x86_64-linux-gnu/5/../../..]
    arg [CMakeFiles/cmTC_ad563.dir/CMakeCCompilerABI.c.o] ==> ignore
    arg [-lgcc] ==> lib [gcc]
    arg [--as-needed] ==> ignore
    arg [-lgcc_s] ==> lib [gcc_s]
    arg [--no-as-needed] ==> ignore
    arg [-lc] ==> lib [c]
    arg [-lgcc] ==> lib [gcc]
    arg [--as-needed] ==> ignore
    arg [-lgcc_s] ==> lib [gcc_s]
    arg [--no-as-needed] ==> ignore
    arg [/usr/lib/gcc/x86_64-linux-gnu/5/crtend.o] ==> ignore
    arg [/usr/lib/gcc/x86_64-linux-gnu/5/../../../x86_64-linux-gnu/crtn.o] ==> ignore
  remove lib [gcc]
  remove lib [gcc_s]
  remove lib [gcc]
  remove lib [gcc_s]
  collapse library dir [/usr/lib/gcc/x86_64-linux-gnu/5] ==> [/usr/lib/gcc/x86_64-linux-gnu/5]
  collapse library dir [/usr/lib/gcc/x86_64-linux-gnu/5/../../../x86_64-linux-gnu] ==> [/usr/lib/x86_64-linux-gnu]
  collapse library dir [/usr/lib/gcc/x86_64-linux-gnu/5/../../../../lib] ==> [/usr/lib]
  collapse library dir [/lib/x86_64-linux-gnu] ==> [/lib/x86_64-linux-gnu]
  collapse library dir [/lib/../lib] ==> [/lib]
  collapse library dir [/usr/lib/x86_64-linux-gnu] ==> [/usr/lib/x86_64-linux-gnu]
  collapse library dir [/usr/lib/../lib] ==> [/usr/lib]
  collapse library dir [/usr/lib/gcc/x86_64-linux-gnu/5/../../..] ==> [/usr/lib]
  implicit libs: [c]
  implicit dirs: [/usr/lib/gcc/x86_64-linux-gnu/5;/usr/lib/x86_64-linux-gnu;/usr/lib;/lib/x86_64-linux-gnu;/lib]
  implicit fwks: []




Detecting C [-std=c11] compiler features compiled with the following output:
Change Dir: /home/xlwolf/ethminer/modified/220718/ethminer/cmake/CMakeFiles/CMakeTmp

Run Build Command:"/usr/bin/make" "cmTC_1c677/fast"
/usr/bin/make -f CMakeFiles/cmTC_1c677.dir/build.make CMakeFiles/cmTC_1c677.dir/build
make[1]: Entering directory '/home/xlwolf/ethminer/modified/220718/ethminer/cmake/CMakeFiles/CMakeTmp'
Building C object CMakeFiles/cmTC_1c677.dir/feature_tests.c.o
/usr/bin/cc    -std=c11 -o CMakeFiles/cmTC_1c677.dir/feature_tests.c.o   -c /home/xlwolf/ethminer/modified/220718/ethminer/cmake/CMakeFiles/feature_tests.c
Linking C executable cmTC_1c677
/usr/bin/cmake -E cmake_link_script CMakeFiles/cmTC_1c677.dir/link.txt --verbose=1
/usr/bin/cc       CMakeFiles/cmTC_1c677.dir/feature_tests.c.o  -o cmTC_1c677 
make[1]: Leaving directory '/home/xlwolf/ethminer/modified/220718/ethminer/cmake/CMakeFiles/CMakeTmp'


    Feature record: C_FEATURE:1c_function_prototypes
    Feature record: C_FEATURE:1c_restrict
    Feature record: C_FEATURE:1c_static_assert
    Feature record: C_FEATURE:1c_variadic_macros


Detecting C [-std=c99] compiler features compiled with the following output:
Change Dir: /home/xlwolf/ethminer/modified/220718/ethminer/cmake/CMakeFiles/CMakeTmp

Run Build Command:"/usr/bin/make" "cmTC_c204b/fast"
/usr/bin/make -f CMakeFiles/cmTC_c204b.dir/build.make CMakeFiles/cmTC_c204b.dir/build
make[1]: Entering directory '/home/xlwolf/ethminer/modified/220718/ethminer/cmake/CMakeFiles/CMakeTmp'
Building C object CMakeFiles/cmTC_c204b.dir/feature_tests.c.o
/usr/bin/cc    -std=c99 -o CMakeFiles/cmTC_c204b.dir/feature_tests.c.o   -c /home/xlwolf/ethminer/modified/220718/ethminer/cmake/CMakeFiles/feature_tests.c
Linking C executable cmTC_c204b
/usr/bin/cmake -E cmake_link_script CMakeFiles/cmTC_c204b.dir/link.txt --verbose=1
/usr/bin/cc       CMakeFiles/cmTC_c204b.dir/feature_tests.c.o  -o cmTC_c204b 
make[1]: Leaving directory '/home/xlwolf/ethminer/modified/220718/ethminer/cmake/CMakeFiles/CMakeTmp'


    Feature record: C_FEATURE:1c_function_prototypes
    Feature record: C_FEATURE:1c_restrict
    Feature record: C_FEATURE:0c_static_assert
    Feature record: C_FEATURE:1c_variadic_macros


Detecting C [-std=c90] compiler features compiled with the following output:
Change Dir: /home/xlwolf/ethminer/modified/220718/ethminer/cmake/CMakeFiles/CMakeTmp

Run Build Command:"/usr/bin/make" "cmTC_dcf5d/fast"
/usr/bin/make -f CMakeFiles/cmTC_dcf5d.dir/build.make CMakeFiles/cmTC_dcf5d.dir/build
make[1]: Entering directory '/home/xlwolf/ethminer/modified/220718/ethminer/cmake/CMakeFiles/CMakeTmp'
Building C object CMakeFiles/cmTC_dcf5d.dir/feature_tests.c.o
/usr/bin/cc    -std=c90 -o CMakeFiles/cmTC_dcf5d.dir/feature_tests.c.o   -c /home/xlwolf/ethminer/modified/220718/ethminer/cmake/CMakeFiles/feature_tests.c
Linking C executable cmTC_dcf5d
/usr/bin/cmake -E cmake_link_script CMakeFiles/cmTC_dcf5d.dir/link.txt --verbose=1
/usr/bin/cc       CMakeFiles/cmTC_dcf5d.dir/feature_tests.c.o  -o cmTC_dcf5d 
make[1]: Leaving directory '/home/xlwolf/ethminer/modified/220718/ethminer/cmake/CMakeFiles/CMakeTmp'


    Feature record: C_FEATURE:1c_function_prototypes
    Feature record: C_FEATURE:0c_restrict
    Feature record: C_FEATURE:0c_static_assert
    Feature record: C_FEATURE:0c_variadic_macros
Determining if the CXX compiler works passed with the following output:
Change Dir: /home/xlwolf/ethminer/modified/220718/ethminer/cmake/CMakeFiles/CMakeTmp

Run Build Command:"/usr/bin/make" "cmTC_c4045/fast"
/usr/bin/make -f CMakeFiles/cmTC_c4045.dir/build.make CMakeFiles/cmTC_c4045.dir/build
make[1]: Entering directory '/home/xlwolf/ethminer/modified/220718/ethminer/cmake/CMakeFiles/CMakeTmp'
Building CXX object CMakeFiles/cmTC_c4045.dir/testCXXCompiler.cxx.o
/usr/bin/c++     -std=c++11 -o CMakeFiles/cmTC_c4045.dir/testCXXCompiler.cxx.o -c /home/xlwolf/ethminer/modified/220718/ethminer/cmake/CMakeFiles/CMakeTmp/testCXXCompiler.cxx
Linking CXX executable cmTC_c4045
/usr/bin/cmake -E cmake_link_script CMakeFiles/cmTC_c4045.dir/link.txt --verbose=1
/usr/bin/c++        CMakeFiles/cmTC_c4045.dir/testCXXCompiler.cxx.o  -o cmTC_c4045 
make[1]: Leaving directory '/home/xlwolf/ethminer/modified/220718/ethminer/cmake/CMakeFiles/CMakeTmp'


Detecting CXX compiler ABI info compiled with the following output:
Change Dir: /home/xlwolf/ethminer/modified/220718/ethminer/cmake/CMakeFiles/CMakeTmp

Run Build Command:"/usr/bin/make" "cmTC_30eca/fast"
/usr/bin/make -f CMakeFiles/cmTC_30eca.dir/build.make CMakeFiles/cmTC_30eca.dir/build
make[1]: Entering directory '/home/xlwolf/ethminer/modified/220718/ethminer/cmake/CMakeFiles/CMakeTmp'
Building CXX object CMakeFiles/cmTC_30eca.dir/CMakeCXXCompilerABI.cpp.o
/usr/bin/c++     -std=c++11 -o CMakeFiles/cmTC_30eca.dir/CMakeCXXCompilerABI.cpp.o -c /usr/share/cmake-3.5/Modules/CMakeCXXCompilerABI.cpp
Linking CXX executable cmTC_30eca
/usr/bin/cmake -E cmake_link_script CMakeFiles/cmTC_30eca.dir/link.txt --verbose=1
/usr/bin/c++       -v CMakeFiles/cmTC_30eca.dir/CMakeCXXCompilerABI.cpp.o  -o cmTC_30eca  
Using built-in specs.
COLLECT_GCC=/usr/bin/c++
COLLECT_LTO_WRAPPER=/usr/lib/gcc/x86_64-linux-gnu/5/lto-wrapper
Target: x86_64-linux-gnu
Configured with: ../src/configure -v --with-pkgversion='Ubuntu 5.4.0-6ubuntu1~16.04.10' --with-bugurl=file:///usr/share/doc/gcc-5/README.Bugs --enable-languages=c,ada,c++,java,go,d,fortran,objc,obj-c++ --prefix=/usr --program-suffix=-5 --enable-shared --enable-linker-build-id --libexecdir=/usr/lib --without-included-gettext --enable-threads=posix --libdir=/usr/lib --enable-nls --with-sysroot=/ --enable-clocale=gnu --enable-libstdcxx-debug --enable-libstdcxx-time=yes --with-default-libstdcxx-abi=new --enable-gnu-unique-object --disable-vtable-verify --enable-libmpx --enable-plugin --with-system-zlib --disable-browser-plugin --enable-java-awt=gtk --enable-gtk-cairo --with-java-home=/usr/lib/jvm/java-1.5.0-gcj-5-amd64/jre --enable-java-home --with-jvm-root-dir=/usr/lib/jvm/java-1.5.0-gcj-5-amd64 --with-jvm-jar-dir=/usr/lib/jvm-exports/java-1.5.0-gcj-5-amd64 --with-arch-directory=amd64 --with-ecj-jar=/usr/share/java/eclipse-ecj.jar --enable-objc-gc --enable-multiarch --disable-werror --with-arch-32=i686 --with-abi=m64 --with-multilib-list=m32,m64,mx32 --enable-multilib --with-tune=generic --enable-checking=release --build=x86_64-linux-gnu --host=x86_64-linux-gnu --target=x86_64-linux-gnu
Thread model: posix
gcc version 5.4.0 20160609 (Ubuntu 5.4.0-6ubuntu1~16.04.10) 
COMPILER_PATH=/usr/lib/gcc/x86_64-linux-gnu/5/:/usr/lib/gcc/x86_64-linux-gnu/5/:/usr/lib/gcc/x86_64-linux-gnu/:/usr/lib/gcc/x86_64-linux-gnu/5/:/usr/lib/gcc/x86_64-linux-gnu/
LIBRARY_PATH=/usr/lib/gcc/x86_64-linux-gnu/5/:/usr/lib/gcc/x86_64-linux-gnu/5/../../../x86_64-linux-gnu/:/usr/lib/gcc/x86_64-linux-gnu/5/../../../../lib/:/lib/x86_64-linux-gnu/:/lib/../lib/:/usr/lib/x86_64-linux-gnu/:/usr/lib/../lib/:/usr/lib/gcc/x86_64-linux-gnu/5/../../../:/lib/:/usr/lib/
COLLECT_GCC_OPTIONS='-v' '-o' 'cmTC_30eca' '-shared-libgcc' '-mtune=generic' '-march=x86-64'
 /usr/lib/gcc/x86_64-linux-gnu/5/collect2 -plugin /usr/lib/gcc/x86_64-linux-gnu/5/liblto_plugin.so -plugin-opt=/usr/lib/gcc/x86_64-linux-gnu/5/lto-wrapper -plugin-opt=-fresolution=/tmp/ccFvZY8W.res -plugin-opt=-pass-through=-lgcc_s -plugin-opt=-pass-through=-lgcc -plugin-opt=-pass-through=-lc -plugin-opt=-pass-through=-lgcc_s -plugin-opt=-pass-through=-lgcc --sysroot=/ --build-id --eh-frame-hdr -m elf_x86_64 --hash-style=gnu --as-needed -dynamic-linker /lib64/ld-linux-x86-64.so.2 -z relro -o cmTC_30eca /usr/lib/gcc/x86_64-linux-gnu/5/../../../x86_64-linux-gnu/crt1.o /usr/lib/gcc/x86_64-linux-gnu/5/../../../x86_64-linux-gnu/crti.o /usr/lib/gcc/x86_64-linux-gnu/5/crtbegin.o -L/usr/lib/gcc/x86_64-linux-gnu/5 -L/usr/lib/gcc/x86_64-linux-gnu/5/../../../x86_64-linux-gnu -L/usr/lib/gcc/x86_64-linux-gnu/5/../../../../lib -L/lib/x86_64-linux-gnu -L/lib/../lib -L/usr/lib/x86_64-linux-gnu -L/usr/lib/../lib -L/usr/lib/gcc/x86_64-linux-gnu/5/../../.. CMakeFiles/cmTC_30eca.dir/CMakeCXXCompilerABI.cpp.o -lstdc++ -lm -lgcc_s -lgcc -lc -lgcc_s -lgcc /usr/lib/gcc/x86_64-linux-gnu/5/crtend.o /usr/lib/gcc/x86_64-linux-gnu/5/../../../x86_64-linux-gnu/crtn.o
make[1]: Leaving directory '/home/xlwolf/ethminer/modified/220718/ethminer/cmake/CMakeFiles/CMakeTmp'


Parsed CXX implicit link information from above output:
  link line regex: [^( *|.*[/\])(ld|([^/\]+-)?ld|collect2)[^/\]*( |$)]
  ignore line: [Change Dir: /home/xlwolf/ethminer/modified/220718/ethminer/cmake/CMakeFiles/CMakeTmp]
  ignore line: []
  ignore line: [Run Build Command:"/usr/bin/make" "cmTC_30eca/fast"]
  ignore line: [/usr/bin/make -f CMakeFiles/cmTC_30eca.dir/build.make CMakeFiles/cmTC_30eca.dir/build]
  ignore line: [make[1]: Entering directory '/home/xlwolf/ethminer/modified/220718/ethminer/cmake/CMakeFiles/CMakeTmp']
  ignore line: [Building CXX object CMakeFiles/cmTC_30eca.dir/CMakeCXXCompilerABI.cpp.o]
  ignore line: [/usr/bin/c++     -std=c++11 -o CMakeFiles/cmTC_30eca.dir/CMakeCXXCompilerABI.cpp.o -c /usr/share/cmake-3.5/Modules/CMakeCXXCompilerABI.cpp]
  ignore line: [Linking CXX executable cmTC_30eca]
  ignore line: [/usr/bin/cmake -E cmake_link_script CMakeFiles/cmTC_30eca.dir/link.txt --verbose=1]
  ignore line: [/usr/bin/c++       -v CMakeFiles/cmTC_30eca.dir/CMakeCXXCompilerABI.cpp.o  -o cmTC_30eca  ]
  ignore line: [Using built-in specs.]
  ignore line: [COLLECT_GCC=/usr/bin/c++]
  ignore line: [COLLECT_LTO_WRAPPER=/usr/lib/gcc/x86_64-linux-gnu/5/lto-wrapper]
  ignore line: [Target: x86_64-linux-gnu]
  ignore line: [Configured with: ../src/configure -v --with-pkgversion='Ubuntu 5.4.0-6ubuntu1~16.04.10' --with-bugurl=file:///usr/share/doc/gcc-5/README.Bugs --enable-languages=c,ada,c++,java,go,d,fortran,objc,obj-c++ --prefix=/usr --program-suffix=-5 --enable-shared --enable-linker-build-id --libexecdir=/usr/lib --without-included-gettext --enable-threads=posix --libdir=/usr/lib --enable-nls --with-sysroot=/ --enable-clocale=gnu --enable-libstdcxx-debug --enable-libstdcxx-time=yes --with-default-libstdcxx-abi=new --enable-gnu-unique-object --disable-vtable-verify --enable-libmpx --enable-plugin --with-system-zlib --disable-browser-plugin --enable-java-awt=gtk --enable-gtk-cairo --with-java-home=/usr/lib/jvm/java-1.5.0-gcj-5-amd64/jre --enable-java-home --with-jvm-root-dir=/usr/lib/jvm/java-1.5.0-gcj-5-amd64 --with-jvm-jar-dir=/usr/lib/jvm-exports/java-1.5.0-gcj-5-amd64 --with-arch-directory=amd64 --with-ecj-jar=/usr/share/java/eclipse-ecj.jar --enable-objc-gc --enable-multiarch --disable-werror --with-arch-32=i686 --with-abi=m64 --with-multilib-list=m32,m64,mx32 --enable-multilib --with-tune=generic --enable-checking=release --build=x86_64-linux-gnu --host=x86_64-linux-gnu --target=x86_64-linux-gnu]
  ignore line: [Thread model: posix]
  ignore line: [gcc version 5.4.0 20160609 (Ubuntu 5.4.0-6ubuntu1~16.04.10) ]
  ignore line: [COMPILER_PATH=/usr/lib/gcc/x86_64-linux-gnu/5/:/usr/lib/gcc/x86_64-linux-gnu/5/:/usr/lib/gcc/x86_64-linux-gnu/:/usr/lib/gcc/x86_64-linux-gnu/5/:/usr/lib/gcc/x86_64-linux-gnu/]
  ignore line: [LIBRARY_PATH=/usr/lib/gcc/x86_64-linux-gnu/5/:/usr/lib/gcc/x86_64-linux-gnu/5/../../../x86_64-linux-gnu/:/usr/lib/gcc/x86_64-linux-gnu/5/../../../../lib/:/lib/x86_64-linux-gnu/:/lib/../lib/:/usr/lib/x86_64-linux-gnu/:/usr/lib/../lib/:/usr/lib/gcc/x86_64-linux-gnu/5/../../../:/lib/:/usr/lib/]
  ignore line: [COLLECT_GCC_OPTIONS='-v' '-o' 'cmTC_30eca' '-shared-libgcc' '-mtune=generic' '-march=x86-64']
  link line: [ /usr/lib/gcc/x86_64-linux-gnu/5/collect2 -plugin /usr/lib/gcc/x86_64-linux-gnu/5/liblto_plugin.so -plugin-opt=/usr/lib/gcc/x86_64-linux-gnu/5/lto-wrapper -plugin-opt=-fresolution=/tmp/ccFvZY8W.res -plugin-opt=-pass-through=-lgcc_s -plugin-opt=-pass-through=-lgcc -plugin-opt=-pass-through=-lc -plugin-opt=-pass-through=-lgcc_s -plugin-opt=-pass-through=-lgcc --sysroot=/ --build-id --eh-frame-hdr -m elf_x86_64 --hash-style=gnu --as-needed -dynamic-linker /lib64/ld-linux-x86-64.so.2 -z relro -o cmTC_30eca /usr/lib/gcc/x86_64-linux-gnu/5/../../../x86_64-linux-gnu/crt1.o /usr/lib/gcc/x86_64-linux-gnu/5/../../../x86_64-linux-gnu/crti.o /usr/lib/gcc/x86_64-linux-gnu/5/crtbegin.o -L/usr/lib/gcc/x86_64-linux-gnu/5 -L/usr/lib/gcc/x86_64-linux-gnu/5/../../../x86_64-linux-gnu -L/usr/lib/gcc/x86_64-linux-gnu/5/../../../../lib -L/lib/x86_64-linux-gnu -L/lib/../lib -L/usr/lib/x86_64-linux-gnu -L/usr/lib/../lib -L/usr/lib/gcc/x86_64-linux-gnu/5/../../.. CMakeFiles/cmTC_30eca.dir/CMakeCXXCompilerABI.cpp.o -lstdc++ -lm -lgcc_s -lgcc -lc -lgcc_s -lgcc /usr/lib/gcc/x86_64-linux-gnu/5/crtend.o /usr/lib/gcc/x86_64-linux-gnu/5/../../../x86_64-linux-gnu/crtn.o]
    arg [/usr/lib/gcc/x86_64-linux-gnu/5/collect2] ==> ignore
    arg [-plugin] ==> ignore
    arg [/usr/lib/gcc/x86_64-linux-gnu/5/liblto_plugin.so] ==> ignore
    arg [-plugin-opt=/usr/lib/gcc/x86_64-linux-gnu/5/lto-wrapper] ==> ignore
    arg [-plugin-opt=-fresolution=/tmp/ccFvZY8W.res] ==> ignore
    arg [-plugin-opt=-pass-through=-lgcc_s] ==> ignore
    arg [-plugin-opt=-pass-through=-lgcc] ==> ignore
    arg [-plugin-opt=-pass-through=-lc] ==> ignore
    arg [-plugin-opt=-pass-through=-lgcc_s] ==> ignore
    arg [-plugin-opt=-pass-through=-lgcc] ==> ignore
    arg [--sysroot=/] ==> ignore
    arg [--build-id] ==> ignore
    arg [--eh-frame-hdr] ==> ignore
    arg [-m] ==> ignore
    arg [elf_x86_64] ==> ignore
    arg [--hash-style=gnu] ==> ignore
    arg [--as-needed] ==> ignore
    arg [-dynamic-linker] ==> ignore
    arg [/lib64/ld-linux-x86-64.so.2] ==> ignore
    arg [-zrelro] ==> ignore
    arg [-o] ==> ignore
    arg [cmTC_30eca] ==> ignore
    arg [/usr/lib/gcc/x86_64-linux-gnu/5/../../../x86_64-linux-gnu/crt1.o] ==> ignore
    arg [/usr/lib/gcc/x86_64-linux-gnu/5/../../../x86_64-linux-gnu/crti.o] ==> ignore
    arg [/usr/lib/gcc/x86_64-linux-gnu/5/crtbegin.o] ==> ignore
    arg [-L/usr/lib/gcc/x86_64-linux-gnu/5] ==> dir [/usr/lib/gcc/x86_64-linux-gnu/5]
    arg [-L/usr/lib/gcc/x86_64-linux-gnu/5/../../../x86_64-linux-gnu] ==> dir [/usr/lib/gcc/x86_64-linux-gnu/5/../../../x86_64-linux-gnu]
    arg [-L/usr/lib/gcc/x86_64-linux-gnu/5/../../../../lib] ==> dir [/usr/lib/gcc/x86_64-linux-gnu/5/../../../../lib]
    arg [-L/lib/x86_64-linux-gnu] ==> dir [/lib/x86_64-linux-gnu]
    arg [-L/lib/../lib] ==> dir [/lib/../lib]
    arg [-L/usr/lib/x86_64-linux-gnu] ==> dir [/usr/lib/x86_64-linux-gnu]
    arg [-L/usr/lib/../lib] ==> dir [/usr/lib/../lib]
    arg [-L/usr/lib/gcc/x86_64-linux-gnu/5/../../..] ==> dir [/usr/lib/gcc/x86_64-linux-gnu/5/../../..]
    arg [CMakeFiles/cmTC_30eca.dir/CMakeCXXCompilerABI.cpp.o] ==> ignore
    arg [-lstdc++] ==> lib [stdc++]
    arg [-lm] ==> lib [m]
    arg [-lgcc_s] ==> lib [gcc_s]
    arg [-lgcc] ==> lib [gcc]
    arg [-lc] ==> lib [c]
    arg [-lgcc_s] ==> lib [gcc_s]
    arg [-lgcc] ==> lib [gcc]
    arg [/usr/lib/gcc/x86_64-linux-gnu/5/crtend.o] ==> ignore
    arg [/usr/lib/gcc/x86_64-linux-gnu/5/../../../x86_64-linux-gnu/crtn.o] ==> ignore
  remove lib [gcc_s]
  remove lib [gcc]
  remove lib [gcc_s]
  remove lib [gcc]
  collapse library dir [/usr/lib/gcc/x86_64-linux-gnu/5] ==> [/usr/lib/gcc/x86_64-linux-gnu/5]
  collapse library dir [/usr/lib/gcc/x86_64-linux-gnu/5/../../../x86_64-linux-gnu] ==> [/usr/lib/x86_64-linux-gnu]
  collapse library dir [/usr/lib/gcc/x86_64-linux-gnu/5/../../../../lib] ==> [/usr/lib]
  collapse library dir [/lib/x86_64-linux-gnu] ==> [/lib/x86_64-linux-gnu]
  collapse library dir [/lib/../lib] ==> [/lib]
  collapse library dir [/usr/lib/x86_64-linux-gnu] ==> [/usr/lib/x86_64-linux-gnu]
  collapse library dir [/usr/lib/../lib] ==> [/usr/lib]
  collapse library dir [/usr/lib/gcc/x86_64-linux-gnu/5/../../..] ==> [/usr/lib]
  implicit libs: [stdc++;m;c]
  implicit dirs: [/usr/lib/gcc/x86_64-linux-gnu/5;/usr/lib/x86_64-linux-gnu;/usr/lib;/lib/x86_64-linux-gnu;/lib]
  implicit fwks: []




Detecting CXX [-std=c++14] compiler features compiled with the following output:
Change Dir: /home/xlwolf/ethminer/modified/220718/ethminer/cmake/CMakeFiles/CMakeTmp

Run Build Command:"/usr/bin/make" "cmTC_97293/fast"
/usr/bin/make -f CMakeFiles/cmTC_97293.dir/build.make CMakeFiles/cmTC_97293.dir/build
make[1]: Entering directory '/home/xlwolf/ethminer/modified/220718/ethminer/cmake/CMakeFiles/CMakeTmp'
Building CXX object CMakeFiles/cmTC_97293.dir/feature_tests.cxx.o
/usr/bin/c++     -std=c++14 -std=c++11 -o CMakeFiles/cmTC_97293.dir/feature_tests.cxx.o -c /home/xlwolf/ethminer/modified/220718/ethminer/cmake/CMakeFiles/feature_tests.cxx
Linking CXX executable cmTC_97293
/usr/bin/cmake -E cmake_link_script CMakeFiles/cmTC_97293.dir/link.txt --verbose=1
/usr/bin/c++        CMakeFiles/cmTC_97293.dir/feature_tests.cxx.o  -o cmTC_97293 
make[1]: Leaving directory '/home/xlwolf/ethminer/modified/220718/ethminer/cmake/CMakeFiles/CMakeTmp'


    Feature record: CXX_FEATURE:0cxx_aggregate_default_initializers
    Feature record: CXX_FEATURE:1cxx_alias_templates
    Feature record: CXX_FEATURE:1cxx_alignas
    Feature record: CXX_FEATURE:1cxx_alignof
    Feature record: CXX_FEATURE:1cxx_attributes
    Feature record: CXX_FEATURE:0cxx_attribute_deprecated
    Feature record: CXX_FEATURE:1cxx_auto_type
    Feature record: CXX_FEATURE:0cxx_binary_literals
    Feature record: CXX_FEATURE:1cxx_constexpr
    Feature record: CXX_FEATURE:0cxx_contextual_conversions
    Feature record: CXX_FEATURE:1cxx_decltype
    Feature record: CXX_FEATURE:0cxx_decltype_auto
    Feature record: CXX_FEATURE:1cxx_decltype_incomplete_return_types
    Feature record: CXX_FEATURE:1cxx_default_function_template_args
    Feature record: CXX_FEATURE:1cxx_defaulted_functions
    Feature record: CXX_FEATURE:1cxx_defaulted_move_initializers
    Feature record: CXX_FEATURE:1cxx_delegating_constructors
    Feature record: CXX_FEATURE:1cxx_deleted_functions
    Feature record: CXX_FEATURE:0cxx_digit_separators
    Feature record: CXX_FEATURE:1cxx_enum_forward_declarations
    Feature record: CXX_FEATURE:1cxx_explicit_conversions
    Feature record: CXX_FEATURE:1cxx_extended_friend_declarations
    Feature record: CXX_FEATURE:1cxx_extern_templates
    Feature record: CXX_FEATURE:1cxx_final
    Feature record: CXX_FEATURE:1cxx_func_identifier
    Feature record: CXX_FEATURE:1cxx_generalized_initializers
    Feature record: CXX_FEATURE:0cxx_generic_lambdas
    Feature record: CXX_FEATURE:1cxx_inheriting_constructors
    Feature record: CXX_FEATURE:1cxx_inline_namespaces
    Feature record: CXX_FEATURE:1cxx_lambdas
    Feature record: CXX_FEATURE:0cxx_lambda_init_captures
    Feature record: CXX_FEATURE:1cxx_local_type_template_args
    Feature record: CXX_FEATURE:1cxx_long_long_type
    Feature record: CXX_FEATURE:1cxx_noexcept
    Feature record: CXX_FEATURE:1cxx_nonstatic_member_init
    Feature record: CXX_FEATURE:1cxx_nullptr
    Feature record: CXX_FEATURE:1cxx_override
    Feature record: CXX_FEATURE:1cxx_range_for
    Feature record: CXX_FEATURE:1cxx_raw_string_literals
    Feature record: CXX_FEATURE:1cxx_reference_qualified_functions
    Feature record: CXX_FEATURE:0cxx_relaxed_constexpr
    Feature record: CXX_FEATURE:0cxx_return_type_deduction
    Feature record: CXX_FEATURE:1cxx_right_angle_brackets
    Feature record: CXX_FEATURE:1cxx_rvalue_references
    Feature record: CXX_FEATURE:1cxx_sizeof_member
    Feature record: CXX_FEATURE:1cxx_static_assert
    Feature record: CXX_FEATURE:1cxx_strong_enums
    Feature record: CXX_FEATURE:1cxx_template_template_parameters
    Feature record: CXX_FEATURE:1cxx_thread_local
    Feature record: CXX_FEATURE:1cxx_trailing_return_types
    Feature record: CXX_FEATURE:1cxx_unicode_literals
    Feature record: CXX_FEATURE:1cxx_uniform_initialization
    Feature record: CXX_FEATURE:1cxx_unrestricted_unions
    Feature record: CXX_FEATURE:1cxx_user_literals
    Feature record: CXX_FEATURE:0cxx_variable_templates
    Feature record: CXX_FEATURE:1cxx_variadic_macros
    Feature record: CXX_FEATURE:1cxx_variadic_templates


Detecting CXX [-std=c++11] compiler features compiled with the following output:
Change Dir: /home/xlwolf/ethminer/modified/220718/ethminer/cmake/CMakeFiles/CMakeTmp

Run Build Command:"/usr/bin/make" "cmTC_4e023/fast"
/usr/bin/make -f CMakeFiles/cmTC_4e023.dir/build.make CMakeFiles/cmTC_4e023.dir/build
make[1]: Entering directory '/home/xlwolf/ethminer/modified/220718/ethminer/cmake/CMakeFiles/CMakeTmp'
Building CXX object CMakeFiles/cmTC_4e023.dir/feature_tests.cxx.o
/usr/bin/c++     -std=c++11 -std=c++11 -o CMakeFiles/cmTC_4e023.dir/feature_tests.cxx.o -c /home/xlwolf/ethminer/modified/220718/ethminer/cmake/CMakeFiles/feature_tests.cxx
Linking CXX executable cmTC_4e023
/usr/bin/cmake -E cmake_link_script CMakeFiles/cmTC_4e023.dir/link.txt --verbose=1
/usr/bin/c++        CMakeFiles/cmTC_4e023.dir/feature_tests.cxx.o  -o cmTC_4e023 
make[1]: Leaving directory '/home/xlwolf/ethminer/modified/220718/ethminer/cmake/CMakeFiles/CMakeTmp'


    Feature record: CXX_FEATURE:0cxx_aggregate_default_initializers
    Feature record: CXX_FEATURE:1cxx_alias_templates
    Feature record: CXX_FEATURE:1cxx_alignas
    Feature record: CXX_FEATURE:1cxx_alignof
    Feature record: CXX_FEATURE:1cxx_attributes
    Feature record: CXX_FEATURE:0cxx_attribute_deprecated
    Feature record: CXX_FEATURE:1cxx_auto_type
    Feature record: CXX_FEATURE:0cxx_binary_literals
    Feature record: CXX_FEATURE:1cxx_constexpr
    Feature record: CXX_FEATURE:0cxx_contextual_conversions
    Feature record: CXX_FEATURE:1cxx_decltype
    Feature record: CXX_FEATURE:0cxx_decltype_auto
    Feature record: CXX_FEATURE:1cxx_decltype_incomplete_return_types
    Feature record: CXX_FEATURE:1cxx_default_function_template_args
    Feature record: CXX_FEATURE:1cxx_defaulted_functions
    Feature record: CXX_FEATURE:1cxx_defaulted_move_initializers
    Feature record: CXX_FEATURE:1cxx_delegating_constructors
    Feature record: CXX_FEATURE:1cxx_deleted_functions
    Feature record: CXX_FEATURE:0cxx_digit_separators
    Feature record: CXX_FEATURE:1cxx_enum_forward_declarations
    Feature record: CXX_FEATURE:1cxx_explicit_conversions
    Feature record: CXX_FEATURE:1cxx_extended_friend_declarations
    Feature record: CXX_FEATURE:1cxx_extern_templates
    Feature record: CXX_FEATURE:1cxx_final
    Feature record: CXX_FEATURE:1cxx_func_identifier
    Feature record: CXX_FEATURE:1cxx_generalized_initializers
    Feature record: CXX_FEATURE:0cxx_generic_lambdas
    Feature record: CXX_FEATURE:1cxx_inheriting_constructors
    Feature record: CXX_FEATURE:1cxx_inline_namespaces
    Feature record: CXX_FEATURE:1cxx_lambdas
    Feature record: CXX_FEATURE:0cxx_lambda_init_captures
    Feature record: CXX_FEATURE:1cxx_local_type_template_args
    Feature record: CXX_FEATURE:1cxx_long_long_type
    Feature record: CXX_FEATURE:1cxx_noexcept
    Feature record: CXX_FEATURE:1cxx_nonstatic_member_init
    Feature record: CXX_FEATURE:1cxx_nullptr
    Feature record: CXX_FEATURE:1cxx_override
    Feature record: CXX_FEATURE:1cxx_range_for
    Feature record: CXX_FEATURE:1cxx_raw_string_literals
    Feature record: CXX_FEATURE:1cxx_reference_qualified_functions
    Feature record: CXX_FEATURE:0cxx_relaxed_constexpr
    Feature record: CXX_FEATURE:0cxx_return_type_deduction
    Feature record: CXX_FEATURE:1cxx_right_angle_brackets
    Feature record: CXX_FEATURE:1cxx_rvalue_references
    Feature record: CXX_FEATURE:1cxx_sizeof_member
    Feature record: CXX_FEATURE:1cxx_static_assert
    Feature record: CXX_FEATURE:1cxx_strong_enums
    Feature record: CXX_FEATURE:1cxx_template_template_parameters
    Feature record: CXX_FEATURE:1cxx_thread_local
    Feature record: CXX_FEATURE:1cxx_trailing_return_types
    Feature record: CXX_FEATURE:1cxx_unicode_literals
    Feature record: CXX_FEATURE:1cxx_uniform_initialization
    Feature record: CXX_FEATURE:1cxx_unrestricted_unions
    Feature record: CXX_FEATURE:1cxx_user_literals
    Feature record: CXX_FEATURE:0cxx_variable_templates
    Feature record: CXX_FEATURE:1cxx_variadic_macros
    Feature record: CXX_FEATURE:1cxx_variadic_templates


Detecting CXX [-std=c++98] compiler features compiled with the following output:
Change Dir: /home/xlwolf/ethminer/modified/220718/ethminer/cmake/CMakeFiles/CMakeTmp

Run Build Command:"/usr/bin/make" "cmTC_6d46b/fast"
/usr/bin/make -f CMakeFiles/cmTC_6d46b.dir/build.make CMakeFiles/cmTC_6d46b.dir/build
make[1]: Entering directory '/home/xlwolf/ethminer/modified/220718/ethminer/cmake/CMakeFiles/CMakeTmp'
Building CXX object CMakeFiles/cmTC_6d46b.dir/feature_tests.cxx.o
/usr/bin/c++     -std=c++98 -std=c++11 -o CMakeFiles/cmTC_6d46b.dir/feature_tests.cxx.o -c /home/xlwolf/ethminer/modified/220718/ethminer/cmake/CMakeFiles/feature_tests.cxx
Linking CXX executable cmTC_6d46b
/usr/bin/cmake -E cmake_link_script CMakeFiles/cmTC_6d46b.dir/link.txt --verbose=1
/usr/bin/c++        CMakeFiles/cmTC_6d46b.dir/feature_tests.cxx.o  -o cmTC_6d46b 
make[1]: Leaving directory '/home/xlwolf/ethminer/modified/220718/ethminer/cmake/CMakeFiles/CMakeTmp'


    Feature record: CXX_FEATURE:0cxx_aggregate_default_initializers
    Feature record: CXX_FEATURE:1cxx_alias_templates
    Feature record: CXX_FEATURE:1cxx_alignas
    Feature record: CXX_FEATURE:1cxx_alignof
    Feature record: CXX_FEATURE:1cxx_attributes
    Feature record: CXX_FEATURE:0cxx_attribute_deprecated
    Feature record: CXX_FEATURE:1cxx_auto_type
    Feature record: CXX_FEATURE:0cxx_binary_literals
    Feature record: CXX_FEATURE:1cxx_constexpr
    Feature record: CXX_FEATURE:0cxx_contextual_conversions
    Feature record: CXX_FEATURE:1cxx_decltype
    Feature record: CXX_FEATURE:0cxx_decltype_auto
    Feature record: CXX_FEATURE:1cxx_decltype_incomplete_return_types
    Feature record: CXX_FEATURE:1cxx_default_function_template_args
    Feature record: CXX_FEATURE:1cxx_defaulted_functions
    Feature record: CXX_FEATURE:1cxx_defaulted_move_initializers
    Feature record: CXX_FEATURE:1cxx_delegating_constructors
    Feature record: CXX_FEATURE:1cxx_deleted_functions
    Feature record: CXX_FEATURE:0cxx_digit_separators
    Feature record: CXX_FEATURE:1cxx_enum_forward_declarations
    Feature record: CXX_FEATURE:1cxx_explicit_conversions
    Feature record: CXX_FEATURE:1cxx_extended_friend_declarations
    Feature record: CXX_FEATURE:1cxx_extern_templates
    Feature record: CXX_FEATURE:1cxx_final
    Feature record: CXX_FEATURE:1cxx_func_identifier
    Feature record: CXX_FEATURE:1cxx_generalized_initializers
    Feature record: CXX_FEATURE:0cxx_generic_lambdas
    Feature record: CXX_FEATURE:1cxx_inheriting_constructors
    Feature record: CXX_FEATURE:1cxx_inline_namespaces
    Feature record: CXX_FEATURE:1cxx_lambdas
    Feature record: CXX_FEATURE:0cxx_lambda_init_captures
    Feature record: CXX_FEATURE:1cxx_local_type_template_args
    Feature record: CXX_FEATURE:1cxx_long_long_type
    Feature record: CXX_FEATURE:1cxx_noexcept
    Feature record: CXX_FEATURE:1cxx_nonstatic_member_init
    Feature record: CXX_FEATURE:1cxx_nullptr
    Feature record: CXX_FEATURE:1cxx_override
    Feature record: CXX_FEATURE:1cxx_range_for
    Feature record: CXX_FEATURE:1cxx_raw_string_literals
    Feature record: CXX_FEATURE:1cxx_reference_qualified_functions
    Feature record: CXX_FEATURE:0cxx_relaxed_constexpr
    Feature record: CXX_FEATURE:0cxx_return_type_deduction
    Feature record: CXX_FEATURE:1cxx_right_angle_brackets
    Feature record: CXX_FEATURE:1cxx_rvalue_references
    Feature record: CXX_FEATURE:1cxx_sizeof_member
    Feature record: CXX_FEATURE:1cxx_static_assert
    Feature record: CXX_FEATURE:1cxx_strong_enums
    Feature record: CXX_FEATURE:1cxx_template_template_parameters
    Feature record: CXX_FEATURE:1cxx_thread_local
    Feature record: CXX_FEATURE:1cxx_trailing_return_types
    Feature record: CXX_FEATURE:1cxx_unicode_literals
    Feature record: CXX_FEATURE:1cxx_uniform_initialization
    Feature record: CXX_FEATURE:1cxx_unrestricted_unions
    Feature record: CXX_FEATURE:1cxx_user_literals
    Feature record: CXX_FEATURE:0cxx_variable_templates
    Feature record: CXX_FEATURE:1cxx_variadic_macros
    Feature record: CXX_FEATURE:1cxx_variadic_templates
Determining if the include file pthread.h exists passed with the following output:
Change Dir: /home/xlwolf/ethminer/modified/220718/ethminer/cmake/CMakeFiles/CMakeTmp

Run Build Command:"/usr/bin/make" "cmTC_3fe68/fast"
/usr/bin/make -f CMakeFiles/cmTC_3fe68.dir/build.make CMakeFiles/cmTC_3fe68.dir/build
make[1]: Entering directory '/home/xlwolf/ethminer/modified/220718/ethminer/cmake/CMakeFiles/CMakeTmp'
Building C object CMakeFiles/cmTC_3fe68.dir/CheckIncludeFile.c.o
/usr/bin/cc     -o CMakeFiles/cmTC_3fe68.dir/CheckIncludeFile.c.o   -c /home/xlwolf/ethminer/modified/220718/ethminer/cmake/CMakeFiles/CMakeTmp/CheckIncludeFile.c
Linking C executable cmTC_3fe68
/usr/bin/cmake -E cmake_link_script CMakeFiles/cmTC_3fe68.dir/link.txt --verbose=1
/usr/bin/cc       CMakeFiles/cmTC_3fe68.dir/CheckIncludeFile.c.o  -o cmTC_3fe68 
make[1]: Leaving directory '/home/xlwolf/ethminer/modified/220718/ethminer/cmake/CMakeFiles/CMakeTmp'


Determining if the function pthread_create exists in the pthread passed with the following output:
Change Dir: /home/xlwolf/ethminer/modified/220718/ethminer/cmake/CMakeFiles/CMakeTmp

Run Build Command:"/usr/bin/make" "cmTC_c1938/fast"
/usr/bin/make -f CMakeFiles/cmTC_c1938.dir/build.make CMakeFiles/cmTC_c1938.dir/build
make[1]: Entering directory '/home/xlwolf/ethminer/modified/220718/ethminer/cmake/CMakeFiles/CMakeTmp'
Building C object CMakeFiles/cmTC_c1938.dir/CheckFunctionExists.c.o
/usr/bin/cc    -DCHECK_FUNCTION_EXISTS=pthread_create   -o CMakeFiles/cmTC_c1938.dir/CheckFunctionExists.c.o   -c /usr/share/cmake-3.5/Modules/CheckFunctionExists.c
Linking C executable cmTC_c1938
/usr/bin/cmake -E cmake_link_script CMakeFiles/cmTC_c1938.dir/link.txt --verbose=1
/usr/bin/cc   -DCHECK_FUNCTION_EXISTS=pthread_create    CMakeFiles/cmTC_c1938.dir/CheckFunctionExists.c.o  -o cmTC_c1938 -lpthread 
make[1]: Leaving directory '/home/xlwolf/ethminer/modified/220718/ethminer/cmake/CMakeFiles/CMakeTmp'


Performing C++ SOURCE FILE Test ffunction-sections succeeded with the following output:
Change Dir: /home/xlwolf/ethminer/modified/220718/ethminer/cmake/CMakeFiles/CMakeTmp

Run Build Command:"/usr/bin/make" "cmTC_89ede/fast"
/usr/bin/make -f CMakeFiles/cmTC_89ede.dir/build.make CMakeFiles/cmTC_89ede.dir/build
make[1]: Entering directory '/home/xlwolf/ethminer/modified/220718/ethminer/cmake/CMakeFiles/CMakeTmp'
Building CXX object CMakeFiles/cmTC_89ede.dir/src.cxx.o
/usr/bin/c++     -Wall -Wno-unknown-pragmas -Wextra -Wno-error=parentheses -pedantic -Dffunction-sections   -ffunction-sections -std=c++11 -o CMakeFiles/cmTC_89ede.dir/src.cxx.o -c /home/xlwolf/ethminer/modified/220718/ethminer/cmake/CMakeFiles/CMakeTmp/src.cxx
<command-line>:0:10: warning: ISO C++11 requires whitespace after the macro name
Linking CXX executable cmTC_89ede
/usr/bin/cmake -E cmake_link_script CMakeFiles/cmTC_89ede.dir/link.txt --verbose=1
/usr/bin/c++    -Wall -Wno-unknown-pragmas -Wextra -Wno-error=parentheses -pedantic -Dffunction-sections    CMakeFiles/cmTC_89ede.dir/src.cxx.o  -o cmTC_89ede 
make[1]: Leaving directory '/home/xlwolf/ethminer/modified/220718/ethminer/cmake/CMakeFiles/CMakeTmp'

Source file was:
int main() { return 0; }
Performing C++ SOURCE FILE Test fdata-sections succeeded with the following output:
Change Dir: /home/xlwolf/ethminer/modified/220718/ethminer/cmake/CMakeFiles/CMakeTmp

Run Build Command:"/usr/bin/make" "cmTC_368aa/fast"
/usr/bin/make -f CMakeFiles/cmTC_368aa.dir/build.make CMakeFiles/cmTC_368aa.dir/build
make[1]: Entering directory '/home/xlwolf/ethminer/modified/220718/ethminer/cmake/CMakeFiles/CMakeTmp'
Building CXX object CMakeFiles/cmTC_368aa.dir/src.cxx.o
/usr/bin/c++     -Wall -Wno-unknown-pragmas -Wextra -Wno-error=parentheses -pedantic -Dfdata-sections   -fdata-sections -std=c++11 -o CMakeFiles/cmTC_368aa.dir/src.cxx.o -c /home/xlwolf/ethminer/modified/220718/ethminer/cmake/CMakeFiles/CMakeTmp/src.cxx
<command-line>:0:6: warning: ISO C++11 requires whitespace after the macro name
Linking CXX executable cmTC_368aa
/usr/bin/cmake -E cmake_link_script CMakeFiles/cmTC_368aa.dir/link.txt --verbose=1
/usr/bin/c++    -Wall -Wno-unknown-pragmas -Wextra -Wno-error=parentheses -pedantic -Dfdata-sections    CMakeFiles/cmTC_368aa.dir/src.cxx.o  -o cmTC_368aa 
make[1]: Leaving directory '/home/xlwolf/ethminer/modified/220718/ethminer/cmake/CMakeFiles/CMakeTmp'

Source file was:
int main() { return 0; }
Performing C++ SOURCE FILE Test Wl,--gc-sections succeeded with the following output:
Change Dir: /home/xlwolf/ethminer/modified/220718/ethminer/cmake/CMakeFiles/CMakeTmp

Run Build Command:"/usr/bin/make" "cmTC_7fb6d/fast"
/usr/bin/make -f CMakeFiles/cmTC_7fb6d.dir/build.make CMakeFiles/cmTC_7fb6d.dir/build
make[1]: Entering directory '/home/xlwolf/ethminer/modified/220718/ethminer/cmake/CMakeFiles/CMakeTmp'
Building CXX object CMakeFiles/cmTC_7fb6d.dir/src.cxx.o
/usr/bin/c++     -Wall -Wno-unknown-pragmas -Wextra -Wno-error=parentheses -pedantic -DWl,--gc-sections   -Wl,--gc-sections -std=c++11 -o CMakeFiles/cmTC_7fb6d.dir/src.cxx.o -c /home/xlwolf/ethminer/modified/220718/ethminer/cmake/CMakeFiles/CMakeTmp/src.cxx
<command-line>:0:3: warning: ISO C++11 requires whitespace after the macro name
Linking CXX executable cmTC_7fb6d
/usr/bin/cmake -E cmake_link_script CMakeFiles/cmTC_7fb6d.dir/link.txt --verbose=1
/usr/bin/c++    -Wall -Wno-unknown-pragmas -Wextra -Wno-error=parentheses -pedantic -DWl,--gc-sections    CMakeFiles/cmTC_7fb6d.dir/src.cxx.o  -o cmTC_7fb6d 
make[1]: Leaving directory '/home/xlwolf/ethminer/modified/220718/ethminer/cmake/CMakeFiles/CMakeTmp'

Source file was:
int main() { return 0; }
Determining if the include file pthread.h exists passed with the following output:
Change Dir: /home/xlwolf/ethminer/modified/220718/ethminer/cmake/CMakeFiles/CMakeTmp

Run Build Command:"/usr/bin/make" "cmTC_7bb41/fast"
/usr/bin/make -f CMakeFiles/cmTC_7bb41.dir/build.make CMakeFiles/cmTC_7bb41.dir/build
make[1]: Entering directory '/home/xlwolf/ethminer/modified/220718/ethminer/cmake/CMakeFiles/CMakeTmp'
Building C object CMakeFiles/cmTC_7bb41.dir/CheckIncludeFile.c.o
/usr/bin/cc     -o CMakeFiles/cmTC_7bb41.dir/CheckIncludeFile.c.o   -c /home/xlwolf/ethminer/modified/220718/ethminer/cmake/CMakeFiles/CMakeTmp/CheckIncludeFile.c
Linking C executable cmTC_7bb41
/usr/bin/cmake -E cmake_link_script CMakeFiles/cmTC_7bb41.dir/link.txt --verbose=1
/usr/bin/cc       CMakeFiles/cmTC_7bb41.dir/CheckIncludeFile.c.o  -o cmTC_7bb41 
make[1]: Leaving directory '/home/xlwolf/ethminer/modified/220718/ethminer/cmake/CMakeFiles/CMakeTmp'


Determining if the function pthread_create exists in the pthread passed with the following output:
Change Dir: /home/xlwolf/ethminer/modified/220718/ethminer/cmake/CMakeFiles/CMakeTmp

Run Build Command:"/usr/bin/make" "cmTC_0d7ac/fast"
/usr/bin/make -f CMakeFiles/cmTC_0d7ac.dir/build.make CMakeFiles/cmTC_0d7ac.dir/build
make[1]: Entering directory '/home/xlwolf/ethminer/modified/220718/ethminer/cmake/CMakeFiles/CMakeTmp'
Building C object CMakeFiles/cmTC_0d7ac.dir/CheckFunctionExists.c.o
/usr/bin/cc    -DCHECK_FUNCTION_EXISTS=pthread_create   -o CMakeFiles/cmTC_0d7ac.dir/CheckFunctionExists.c.o   -c /usr/share/cmake-3.5/Modules/CheckFunctionExists.c
Linking C executable cmTC_0d7ac
/usr/bin/cmake -E cmake_link_script CMakeFiles/cmTC_0d7ac.dir/link.txt --verbose=1
/usr/bin/cc   -DCHECK_FUNCTION_EXISTS=pthread_create    CMakeFiles/cmTC_0d7ac.dir/CheckFunctionExists.c.o  -o cmTC_0d7ac -lpthread 
make[1]: Leaving directory '/home/xlwolf/ethminer/modified/220718/ethminer/cmake/CMakeFiles/CMakeTmp'


Performing C++ SOURCE FILE Test ffunction-sections succeeded with the following output:
Change Dir: /home/xlwolf/ethminer/modified/220718/ethminer/cmake/CMakeFiles/CMakeTmp

Run Build Command:"/usr/bin/make" "cmTC_6d768/fast"
/usr/bin/make -f CMakeFiles/cmTC_6d768.dir/build.make CMakeFiles/cmTC_6d768.dir/build
make[1]: Entering directory '/home/xlwolf/ethminer/modified/220718/ethminer/cmake/CMakeFiles/CMakeTmp'
Building CXX object CMakeFiles/cmTC_6d768.dir/src.cxx.o
/usr/bin/c++     -Wall -Wno-unknown-pragmas -Wextra -Wno-error=parentheses -pedantic -Dffunction-sections   -ffunction-sections -std=c++11 -o CMakeFiles/cmTC_6d768.dir/src.cxx.o -c /home/xlwolf/ethminer/modified/220718/ethminer/cmake/CMakeFiles/CMakeTmp/src.cxx
<command-line>:0:10: warning: ISO C++11 requires whitespace after the macro name
Linking CXX executable cmTC_6d768
/usr/bin/cmake -E cmake_link_script CMakeFiles/cmTC_6d768.dir/link.txt --verbose=1
/usr/bin/c++    -Wall -Wno-unknown-pragmas -Wextra -Wno-error=parentheses -pedantic -Dffunction-sections    CMakeFiles/cmTC_6d768.dir/src.cxx.o  -o cmTC_6d768 
make[1]: Leaving directory '/home/xlwolf/ethminer/modified/220718/ethminer/cmake/CMakeFiles/CMakeTmp'

Source file was:
int main() { return 0; }
Performing C++ SOURCE FILE Test fdata-sections succeeded with the following output:
Change Dir: /home/xlwolf/ethminer/modified/220718/ethminer/cmake/CMakeFiles/CMakeTmp

Run Build Command:"/usr/bin/make" "cmTC_e5ef5/fast"
/usr/bin/make -f CMakeFiles/cmTC_e5ef5.dir/build.make CMakeFiles/cmTC_e5ef5.dir/build
make[1]: Entering directory '/home/xlwolf/ethminer/modified/220718/ethminer/cmake/CMakeFiles/CMakeTmp'
Building CXX object CMakeFiles/cmTC_e5ef5.dir/src.cxx.o
/usr/bin/c++     -Wall -Wno-unknown-pragmas -Wextra -Wno-error=parentheses -pedantic -Dfdata-sections   -fdata-sections -std=c++11 -o CMakeFiles/cmTC_e5ef5.dir/src.cxx.o -c /home/xlwolf/ethminer/modified/220718/ethminer/cmake/CMakeFiles/CMakeTmp/src.cxx
<command-line>:0:6: warning: ISO C++11 requires whitespace after the macro name
Linking CXX executable cmTC_e5ef5
/usr/bin/cmake -E cmake_link_script CMakeFiles/cmTC_e5ef5.dir/link.txt --verbose=1
/usr/bin/c++    -Wall -Wno-unknown-pragmas -Wextra -Wno-error=parentheses -pedantic -Dfdata-sections    CMakeFiles/cmTC_e5ef5.dir/src.cxx.o  -o cmTC_e5ef5 
make[1]: Leaving directory '/home/xlwolf/ethminer/modified/220718/ethminer/cmake/CMakeFiles/CMakeTmp'

Source file was:
int main() { return 0; }
Performing C++ SOURCE FILE Test Wl,--gc-sections succeeded with the following output:
Change Dir: /home/xlwolf/ethminer/modified/220718/ethminer/cmake/CMakeFiles/CMakeTmp

Run Build Command:"/usr/bin/make" "cmTC_f8bfa/fast"
/usr/bin/make -f CMakeFiles/cmTC_f8bfa.dir/build.make CMakeFiles/cmTC_f8bfa.dir/build
make[1]: Entering directory '/home/xlwolf/ethminer/modified/220718/ethminer/cmake/CMakeFiles/CMakeTmp'
Building CXX object CMakeFiles/cmTC_f8bfa.dir/src.cxx.o
/usr/bin/c++     -Wall -Wno-unknown-pragmas -Wextra -Wno-error=parentheses -pedantic -DWl,--gc-sections   -Wl,--gc-sections -std=c++11 -o CMakeFiles/cmTC_f8bfa.dir/src.cxx.o -c /home/xlwolf/ethminer/modified/220718/ethminer/cmake/CMakeFiles/CMakeTmp/src.cxx
<command-line>:0:3: warning: ISO C++11 requires whitespace after the macro name
Linking CXX executable cmTC_f8bfa
/usr/bin/cmake -E cmake_link_script CMakeFiles/cmTC_f8bfa.dir/link.txt --verbose=1
/usr/bin/c++    -Wall -Wno-unknown-pragmas -Wextra -Wno-error=parentheses -pedantic -DWl,--gc-sections    CMakeFiles/cmTC_f8bfa.dir/src.cxx.o  -o cmTC_f8bfa 
make[1]: Leaving directory '/home/xlwolf/ethminer/modified/220718/ethminer/cmake/CMakeFiles/CMakeTmp'

Source file was:
int main() { return 0; }
